<?xml version="1.0" encoding="UTF-8"?>
<!-- Generated by org.testng.reporters.JUnitReportReporter -->
<testsuite skipped="0" hostname="DESKTOP-3A1P4LG" name="lambdaTest.lambdaTestPractical" tests="1" failures="0" timestamp="01 Jul 2021 09:47:31 GMT" time="42.538" errors="0">
  <testcase name="testScript" time="42.538" classname="lambdaTest.lambdaTestPractical"/>
</testsuite> <!-- lambdaTest.lambdaTestPractical -->
